<?xml version="1.0" encoding="UTF-8"?>
<testng-results ignored="0" total="1" passed="1" failed="0" skipped="0">
  <reporter-output>
  </reporter-output>
  <suite started-at="2020-10-14T11:48:35 IST" name="Default suite" finished-at="2020-10-14T11:50:20 IST" duration-ms="104744">
    <groups>
    </groups>
    <test started-at="2020-10-14T11:48:35 IST" name="Default test" finished-at="2020-10-14T11:50:20 IST" duration-ms="104744">
      <class name="solar_Battery_Charger.ConfigureTest">
        <test-method is-config="true" signature="setup()[pri:0, instance:solar_Battery_Charger.ConfigureTest@57af006c]" started-at="2020-10-14T11:48:35 IST" name="setup" finished-at="2020-10-14T11:48:58 IST" duration-ms="22487" status="PASS">
          <reporter-output>
          </reporter-output>
        </test-method> <!-- setup -->
        <test-method signature="configTest(java.lang.String, java.lang.String, java.lang.String, java.lang.String)[pri:0, instance:solar_Battery_Charger.ConfigureTest@57af006c]" started-at="2020-10-14T11:48:58 IST" name="configTest" data-provider="ConfigData" finished-at="2020-10-14T11:50:19 IST" duration-ms="81537" status="PASS">
          <params>
            <param index="0">
              <value>
                <![CDATA[21 V]]>
              </value>
            </param>
            <param index="1">
              <value>
                <![CDATA[3 A]]>
              </value>
            </param>
            <param index="2">
              <value>
                <![CDATA[100 %]]>
              </value>
            </param>
            <param index="3">
              <value>
                <![CDATA[322]]>
              </value>
            </param>
          </params>
          <reporter-output>
          </reporter-output>
        </test-method> <!-- configTest -->
        <test-method is-config="true" signature="destroy()[pri:0, instance:solar_Battery_Charger.ConfigureTest@57af006c]" started-at="2020-10-14T11:50:19 IST" name="destroy" finished-at="2020-10-14T11:50:19 IST" duration-ms="79" status="PASS">
          <reporter-output>
          </reporter-output>
        </test-method> <!-- destroy -->
      </class> <!-- solar_Battery_Charger.ConfigureTest -->
    </test> <!-- Default test -->
  </suite> <!-- Default suite -->
</testng-results>
